<?xml version="1.0" encoding="UTF-8"?>
<!-- Generated by org.testng.reporters.JUnitReportReporter -->
<testsuite hostname="DESKTOP-3CNBKPE" failures="0" tests="1" name="com.eBanking.testCases.TC_LoginTest" time="2.650" errors="0" timestamp="2023-12-31T17:49:02 IST" skipped="0">
  <testcase classname="com.eBanking.testCases.TC_LoginTest" name="loginTest" time="2.650"/>
  <system-out/>
</testsuite> <!-- com.eBanking.testCases.TC_LoginTest -->
