<?xml version="1.0" encoding="UTF-8"?>
<!-- Generated by org.testng.reporters.JUnitReportReporter -->
<testsuite hostname="DESKTOP-3CNBKPE" failures="0" tests="1" name="com.eBanking.testCases.TC_AddCustomer" time="16.957" errors="0" timestamp="2023-12-31T18:02:32 IST" skipped="0">
  <testcase classname="com.eBanking.testCases.TC_AddCustomer" name="addCustomer" time="16.957"/>
  <system-out/>
</testsuite> <!-- com.eBanking.testCases.TC_AddCustomer -->
