<?xml version="1.0" encoding="UTF-8"?>
<!-- Generated by org.testng.reporters.JUnitReportReporter -->
<testsuite hostname="DESKTOP-3CNBKPE" failures="0" tests="1" name="com.eBanking.testCases.TC_LoginTest" time="4.078" errors="0" timestamp="2024-01-01T23:20:06 IST" skipped="0">
  <testcase classname="com.eBanking.testCases.TC_LoginTest" name="loginTest" time="4.078"/>
  <system-out/>
</testsuite> <!-- com.eBanking.testCases.TC_LoginTest -->
